<?xml version="1.0" encoding="UTF-8"?>
<coverage generated="1532691619774" clover="3.2.0">
  <project timestamp="1532691619774" name="All files">
    <metrics statements="60" coveredstatements="60" conditionals="18" coveredconditionals="18" methods="40" coveredmethods="40" elements="118" coveredelements="118" complexity="0" loc="60" ncloc="60" packages="4" files="11" classes="11">
      <package name="helpers">
        <metrics statements="8" coveredstatements="8" conditionals="2" coveredconditionals="2" methods="4" coveredmethods="4"/>
        <file name="index.js" path="/workspaces/workspace-blog/vue-graphql-qa-clone/graphql-qa-clone-api/src/helpers/index.js">
          <metrics statements="8" coveredstatements="8" conditionals="2" coveredconditionals="2" methods="4" coveredmethods="4"/>
          <line num="1" count="14" type="stmt"/>
          <line num="2" count="14" type="stmt"/>
          <line num="3" count="14" type="cond" truecount="2" falsecount="0"/>
          <line num="4" count="13" type="stmt"/>
          <line num="8" count="8" type="stmt"/>
          <line num="9" count="6" type="stmt"/>
          <line num="10" count="6" type="stmt"/>
          <line num="12" count="1" type="stmt"/>
        </file>
      </package>
      <package name="models">
        <metrics statements="6" coveredstatements="6" conditionals="0" coveredconditionals="0" methods="0" coveredmethods="0"/>
        <file name="Post.js" path="/workspaces/workspace-blog/vue-graphql-qa-clone/graphql-qa-clone-api/src/models/Post.js">
          <metrics statements="2" coveredstatements="2" conditionals="0" coveredconditionals="0" methods="0" coveredmethods="0"/>
          <line num="3" count="3" type="stmt"/>
          <line num="5" count="3" type="stmt"/>
        </file>
        <file name="Question.js" path="/workspaces/workspace-blog/vue-graphql-qa-clone/graphql-qa-clone-api/src/models/Question.js">
          <metrics statements="2" coveredstatements="2" conditionals="0" coveredconditionals="0" methods="0" coveredmethods="0"/>
          <line num="3" count="3" type="stmt"/>
          <line num="5" count="3" type="stmt"/>
        </file>
        <file name="User.js" path="/workspaces/workspace-blog/vue-graphql-qa-clone/graphql-qa-clone-api/src/models/User.js">
          <metrics statements="2" coveredstatements="2" conditionals="0" coveredconditionals="0" methods="0" coveredmethods="0"/>
          <line num="3" count="4" type="stmt"/>
          <line num="5" count="4" type="stmt"/>
        </file>
      </package>
      <package name="resolvers">
        <metrics statements="43" coveredstatements="43" conditionals="10" coveredconditionals="10" methods="32" coveredmethods="32"/>
        <file name="Mutation.js" path="/workspaces/workspace-blog/vue-graphql-qa-clone/graphql-qa-clone-api/src/resolvers/Mutation.js">
          <metrics statements="24" coveredstatements="24" conditionals="8" coveredconditionals="8" methods="16" coveredmethods="16"/>
          <line num="6" count="2" type="stmt"/>
          <line num="7" count="2" type="stmt"/>
          <line num="8" count="2" type="cond" truecount="2" falsecount="0"/>
          <line num="9" count="1" type="stmt"/>
          <line num="13" count="3" type="stmt"/>
          <line num="14" count="3" type="stmt"/>
          <line num="15" count="3" type="cond" truecount="2" falsecount="0"/>
          <line num="16" count="2" type="stmt"/>
          <line num="20" count="3" type="stmt"/>
          <line num="21" count="3" type="stmt"/>
          <line num="22" count="3" type="cond" truecount="2" falsecount="0"/>
          <line num="23" count="2" type="stmt"/>
          <line num="28" count="1" type="stmt"/>
          <line num="30" count="2" type="stmt"/>
          <line num="31" count="2" type="stmt"/>
          <line num="32" count="2" type="stmt"/>
          <line num="36" count="1" type="stmt"/>
          <line num="39" count="1" type="stmt"/>
          <line num="40" count="1" type="stmt"/>
          <line num="43" count="1" type="stmt"/>
          <line num="45" count="2" type="stmt"/>
          <line num="46" count="2" type="stmt"/>
          <line num="47" count="2" type="cond" truecount="2" falsecount="0"/>
          <line num="48" count="1" type="stmt"/>
        </file>
        <file name="Post.js" path="/workspaces/workspace-blog/vue-graphql-qa-clone/graphql-qa-clone-api/src/resolvers/Post.js">
          <metrics statements="4" coveredstatements="4" conditionals="2" coveredconditionals="2" methods="5" coveredmethods="5"/>
          <line num="5" count="1" type="stmt"/>
          <line num="6" count="1" type="stmt"/>
          <line num="7" count="4" type="cond" truecount="2" falsecount="0"/>
          <line num="8" count="1" type="stmt"/>
        </file>
        <file name="Query.js" path="/workspaces/workspace-blog/vue-graphql-qa-clone/graphql-qa-clone-api/src/resolvers/Query.js">
          <metrics statements="7" coveredstatements="7" conditionals="0" coveredconditionals="0" methods="6" coveredmethods="6"/>
          <line num="5" count="1" type="stmt"/>
          <line num="6" count="1" type="stmt"/>
          <line num="7" count="1" type="stmt"/>
          <line num="8" count="1" type="stmt"/>
          <line num="9" count="1" type="stmt"/>
          <line num="10" count="1" type="stmt"/>
          <line num="11" count="1" type="stmt"/>
        </file>
        <file name="Question.js" path="/workspaces/workspace-blog/vue-graphql-qa-clone/graphql-qa-clone-api/src/resolvers/Question.js">
          <metrics statements="3" coveredstatements="3" conditionals="0" coveredconditionals="0" methods="2" coveredmethods="2"/>
          <line num="4" count="1" type="stmt"/>
          <line num="5" count="1" type="stmt"/>
          <line num="6" count="1" type="stmt"/>
        </file>
        <file name="User.js" path="/workspaces/workspace-blog/vue-graphql-qa-clone/graphql-qa-clone-api/src/resolvers/User.js">
          <metrics statements="3" coveredstatements="3" conditionals="0" coveredconditionals="0" methods="2" coveredmethods="2"/>
          <line num="4" count="1" type="stmt"/>
          <line num="5" count="1" type="stmt"/>
          <line num="6" count="1" type="stmt"/>
        </file>
        <file name="Vote.js" path="/workspaces/workspace-blog/vue-graphql-qa-clone/graphql-qa-clone-api/src/resolvers/Vote.js">
          <metrics statements="2" coveredstatements="2" conditionals="0" coveredconditionals="0" methods="1" coveredmethods="1"/>
          <line num="4" count="1" type="stmt"/>
          <line num="5" count="1" type="stmt"/>
        </file>
      </package>
      <package name="scalars">
        <metrics statements="3" coveredstatements="3" conditionals="6" coveredconditionals="6" methods="4" coveredmethods="4"/>
        <file name="ISODate.js" path="/workspaces/workspace-blog/vue-graphql-qa-clone/graphql-qa-clone-api/src/scalars/ISODate.js">
          <metrics statements="3" coveredstatements="3" conditionals="6" coveredconditionals="6" methods="4" coveredmethods="4"/>
          <line num="6" count="2" type="cond" truecount="2" falsecount="0"/>
          <line num="10" count="4" type="cond" truecount="2" falsecount="0"/>
          <line num="14" count="3" type="cond" truecount="2" falsecount="0"/>
        </file>
      </package>
    </metrics>
  </project>
</coverage>
