{"/workspaces/workspace-blog/vue-graphql-qa-clone/graphql-qa-clone-api/src/helpers/index.js": {"path":"/workspaces/workspace-blog/vue-graphql-qa-clone/graphql-qa-clone-api/src/helpers/index.js","statementMap":{"0":{"start":{"line":1,"column":18},"end":{"line":6,"column":2}},"1":{"start":{"line":1,"column":27},"end":{"line":6,"column":2}},"2":{"start":{"line":2,"column":2},"end":{"line":5,"column":5}},"3":{"start":{"line":3,"column":4},"end":{"line":4,"column":23}},"4":{"start":{"line":3,"column":13},"end":{"line":3,"column":25}},"5":{"start":{"line":4,"column":9},"end":{"line":4,"column":23}},"6":{"start":{"line":8,"column":22},"end":{"line":14,"column":1}},"7":{"start":{"line":9,"column":2},"end":{"line":13,"column":3}},"8":{"start":{"line":10,"column":4},"end":{"line":10,"column":23}},"9":{"start":{"line":12,"column":4},"end":{"line":12,"column":23}}},"fnMap":{"0":{"name":"(anonymous_0)","decl":{"start":{"line":1,"column":18},"end":{"line":1,"column":19}},"loc":{"start":{"line":1,"column":27},"end":{"line":6,"column":2}},"line":1},"1":{"name":"(anonymous_1)","decl":{"start":{"line":1,"column":39},"end":{"line":1,"column":40}},"loc":{"start":{"line":1,"column":60},"end":{"line":6,"column":1}},"line":1},"2":{"name":"(anonymous_2)","decl":{"start":{"line":2,"column":13},"end":{"line":2,"column":14}},"loc":{"start":{"line":2,"column":28},"end":{"line":5,"column":3}},"line":2},"3":{"name":"(anonymous_3)","decl":{"start":{"line":8,"column":22},"end":{"line":8,"column":23}},"loc":{"start":{"line":8,"column":50},"end":{"line":14,"column":1}},"line":8}},"branchMap":{"0":{"loc":{"start":{"line":3,"column":4},"end":{"line":4,"column":23}},"type":"if","locations":[{"start":{"line":3,"column":4},"end":{"line":4,"column":23}},{"start":{"line":3,"column":4},"end":{"line":4,"column":23}}],"line":3}},"s":{"0":8,"1":14,"2":14,"3":14,"4":1,"5":13,"6":8,"7":6,"8":6,"9":1},"f":{"0":14,"1":14,"2":14,"3":6},"b":{"0":[1,13]},"_coverageSchema":"332fd63041d2c1bcb487cc26dd0d5f7d97098a6c","hash":"d383570b8f0cbf7ac1a9e4def4328f8af4e645ec"}
,"/workspaces/workspace-blog/vue-graphql-qa-clone/graphql-qa-clone-api/src/models/Post.js": {"path":"/workspaces/workspace-blog/vue-graphql-qa-clone/graphql-qa-clone-api/src/models/Post.js","statementMap":{"0":{"start":{"line":3,"column":15},"end":{"line":3,"column":30}},"1":{"start":{"line":5,"column":19},"end":{"line":14,"column":23}}},"fnMap":{},"branchMap":{},"s":{"0":3,"1":3},"f":{},"b":{},"_coverageSchema":"332fd63041d2c1bcb487cc26dd0d5f7d97098a6c","hash":"8085d6d9e2bd3260eebecf7fc014f867ff1b28f5"}
,"/workspaces/workspace-blog/vue-graphql-qa-clone/graphql-qa-clone-api/src/models/Question.js": {"path":"/workspaces/workspace-blog/vue-graphql-qa-clone/graphql-qa-clone-api/src/models/Question.js","statementMap":{"0":{"start":{"line":3,"column":15},"end":{"line":3,"column":30}},"1":{"start":{"line":5,"column":23},"end":{"line":10,"column":27}}},"fnMap":{},"branchMap":{},"s":{"0":3,"1":3},"f":{},"b":{},"_coverageSchema":"332fd63041d2c1bcb487cc26dd0d5f7d97098a6c","hash":"624426be8e3d9661cdfada1bb5094ffad3ed60cb"}
,"/workspaces/workspace-blog/vue-graphql-qa-clone/graphql-qa-clone-api/src/models/User.js": {"path":"/workspaces/workspace-blog/vue-graphql-qa-clone/graphql-qa-clone-api/src/models/User.js","statementMap":{"0":{"start":{"line":3,"column":15},"end":{"line":3,"column":30}},"1":{"start":{"line":5,"column":19},"end":{"line":8,"column":23}}},"fnMap":{},"branchMap":{},"s":{"0":4,"1":4},"f":{},"b":{},"_coverageSchema":"332fd63041d2c1bcb487cc26dd0d5f7d97098a6c","hash":"b1d13d63a0acdc95f4380b7ae825f542fa25fd6f"}
,"/workspaces/workspace-blog/vue-graphql-qa-clone/graphql-qa-clone-api/src/resolvers/Mutation.js": {"path":"/workspaces/workspace-blog/vue-graphql-qa-clone/graphql-qa-clone-api/src/resolvers/Mutation.js","statementMap":{"0":{"start":{"line":6,"column":23},"end":{"line":11,"column":2}},"1":{"start":{"line":6,"column":51},"end":{"line":11,"column":2}},"2":{"start":{"line":7,"column":2},"end":{"line":10,"column":5}},"3":{"start":{"line":8,"column":4},"end":{"line":9,"column":25}},"4":{"start":{"line":8,"column":13},"end":{"line":8,"column":25}},"5":{"start":{"line":9,"column":9},"end":{"line":9,"column":25}},"6":{"start":{"line":13,"column":19},"end":{"line":18,"column":2}},"7":{"start":{"line":13,"column":70},"end":{"line":18,"column":2}},"8":{"start":{"line":14,"column":2},"end":{"line":17,"column":5}},"9":{"start":{"line":15,"column":4},"end":{"line":16,"column":25}},"10":{"start":{"line":15,"column":13},"end":{"line":15,"column":25}},"11":{"start":{"line":16,"column":9},"end":{"line":16,"column":25}},"12":{"start":{"line":20,"column":25},"end":{"line":25,"column":2}},"13":{"start":{"line":20,"column":47},"end":{"line":25,"column":2}},"14":{"start":{"line":21,"column":2},"end":{"line":24,"column":5}},"15":{"start":{"line":22,"column":4},"end":{"line":23,"column":25}},"16":{"start":{"line":22,"column":13},"end":{"line":22,"column":25}},"17":{"start":{"line":23,"column":9},"end":{"line":23,"column":25}},"18":{"start":{"line":28,"column":18},"end":{"line":51,"column":1}},"19":{"start":{"line":30,"column":23},"end":{"line":30,"column":48}},"20":{"start":{"line":31,"column":19},"end":{"line":31,"column":44}},"21":{"start":{"line":32,"column":4},"end":{"line":36,"column":33}},"22":{"start":{"line":36,"column":22},"end":{"line":36,"column":31}},"23":{"start":{"line":39,"column":19},"end":{"line":39,"column":44}},"24":{"start":{"line":40,"column":4},"end":{"line":43,"column":33}},"25":{"start":{"line":43,"column":22},"end":{"line":43,"column":31}},"26":{"start":{"line":45,"column":27},"end":{"line":50,"column":4}},"27":{"start":{"line":46,"column":4},"end":{"line":49,"column":7}},"28":{"start":{"line":47,"column":6},"end":{"line":48,"column":27}},"29":{"start":{"line":47,"column":15},"end":{"line":47,"column":27}},"30":{"start":{"line":48,"column":11},"end":{"line":48,"column":27}}},"fnMap":{"0":{"name":"(anonymous_0)","decl":{"start":{"line":6,"column":23},"end":{"line":6,"column":24}},"loc":{"start":{"line":6,"column":51},"end":{"line":11,"column":2}},"line":6},"1":{"name":"(anonymous_1)","decl":{"start":{"line":6,"column":63},"end":{"line":6,"column":64}},"loc":{"start":{"line":6,"column":84},"end":{"line":11,"column":1}},"line":6},"2":{"name":"(anonymous_2)","decl":{"start":{"line":7,"column":49},"end":{"line":7,"column":50}},"loc":{"start":{"line":7,"column":66},"end":{"line":10,"column":3}},"line":7},"3":{"name":"(anonymous_3)","decl":{"start":{"line":13,"column":19},"end":{"line":13,"column":20}},"loc":{"start":{"line":13,"column":70},"end":{"line":18,"column":2}},"line":13},"4":{"name":"(anonymous_4)","decl":{"start":{"line":13,"column":82},"end":{"line":13,"column":83}},"loc":{"start":{"line":13,"column":103},"end":{"line":18,"column":1}},"line":13},"5":{"name":"(anonymous_5)","decl":{"start":{"line":14,"column":68},"end":{"line":14,"column":69}},"loc":{"start":{"line":14,"column":85},"end":{"line":17,"column":3}},"line":14},"6":{"name":"(anonymous_6)","decl":{"start":{"line":20,"column":25},"end":{"line":20,"column":26}},"loc":{"start":{"line":20,"column":47},"end":{"line":25,"column":2}},"line":20},"7":{"name":"(anonymous_7)","decl":{"start":{"line":20,"column":59},"end":{"line":20,"column":60}},"loc":{"start":{"line":20,"column":80},"end":{"line":25,"column":1}},"line":20},"8":{"name":"(anonymous_8)","decl":{"start":{"line":21,"column":59},"end":{"line":21,"column":60}},"loc":{"start":{"line":21,"column":76},"end":{"line":24,"column":3}},"line":21},"9":{"name":"(anonymous_9)","decl":{"start":{"line":29,"column":18},"end":{"line":29,"column":19}},"loc":{"start":{"line":29,"column":31},"end":{"line":37,"column":3}},"line":29},"10":{"name":"(anonymous_10)","decl":{"start":{"line":36,"column":12},"end":{"line":36,"column":13}},"loc":{"start":{"line":36,"column":22},"end":{"line":36,"column":31}},"line":36},"11":{"name":"(anonymous_11)","decl":{"start":{"line":38,"column":16},"end":{"line":38,"column":17}},"loc":{"start":{"line":38,"column":29},"end":{"line":44,"column":3}},"line":38},"12":{"name":"(anonymous_12)","decl":{"start":{"line":43,"column":12},"end":{"line":43,"column":13}},"loc":{"start":{"line":43,"column":22},"end":{"line":43,"column":31}},"line":43},"13":{"name":"(anonymous_13)","decl":{"start":{"line":45,"column":14},"end":{"line":45,"column":15}},"loc":{"start":{"line":45,"column":27},"end":{"line":50,"column":4}},"line":45},"14":{"name":"(anonymous_14)","decl":{"start":{"line":45,"column":39},"end":{"line":45,"column":40}},"loc":{"start":{"line":45,"column":60},"end":{"line":50,"column":3}},"line":45},"15":{"name":"(anonymous_15)","decl":{"start":{"line":46,"column":62},"end":{"line":46,"column":63}},"loc":{"start":{"line":46,"column":79},"end":{"line":49,"column":5}},"line":46}},"branchMap":{"0":{"loc":{"start":{"line":8,"column":4},"end":{"line":9,"column":25}},"type":"if","locations":[{"start":{"line":8,"column":4},"end":{"line":9,"column":25}},{"start":{"line":8,"column":4},"end":{"line":9,"column":25}}],"line":8},"1":{"loc":{"start":{"line":15,"column":4},"end":{"line":16,"column":25}},"type":"if","locations":[{"start":{"line":15,"column":4},"end":{"line":16,"column":25}},{"start":{"line":15,"column":4},"end":{"line":16,"column":25}}],"line":15},"2":{"loc":{"start":{"line":22,"column":4},"end":{"line":23,"column":25}},"type":"if","locations":[{"start":{"line":22,"column":4},"end":{"line":23,"column":25}},{"start":{"line":22,"column":4},"end":{"line":23,"column":25}}],"line":22},"3":{"loc":{"start":{"line":47,"column":6},"end":{"line":48,"column":27}},"type":"if","locations":[{"start":{"line":47,"column":6},"end":{"line":48,"column":27}},{"start":{"line":47,"column":6},"end":{"line":48,"column":27}}],"line":47}},"s":{"0":1,"1":2,"2":2,"3":2,"4":1,"5":1,"6":1,"7":3,"8":3,"9":3,"10":1,"11":2,"12":1,"13":3,"14":3,"15":3,"16":1,"17":2,"18":1,"19":2,"20":2,"21":2,"22":1,"23":1,"24":1,"25":1,"26":2,"27":2,"28":2,"29":1,"30":1},"f":{"0":2,"1":2,"2":2,"3":3,"4":3,"5":3,"6":3,"7":3,"8":3,"9":2,"10":1,"11":1,"12":1,"13":2,"14":2,"15":2},"b":{"0":[1,1],"1":[1,2],"2":[1,2],"3":[1,1]},"_coverageSchema":"332fd63041d2c1bcb487cc26dd0d5f7d97098a6c","hash":"4ad3cb8a56146f46861b05bd363818401e837057"}
,"/workspaces/workspace-blog/vue-graphql-qa-clone/graphql-qa-clone-api/src/resolvers/Post.js": {"path":"/workspaces/workspace-blog/vue-graphql-qa-clone/graphql-qa-clone-api/src/resolvers/Post.js","statementMap":{"0":{"start":{"line":5,"column":18},"end":{"line":9,"column":1}},"1":{"start":{"line":6,"column":18},"end":{"line":6,"column":57}},"2":{"start":{"line":7,"column":21},"end":{"line":7,"column":101}},"3":{"start":{"line":7,"column":44},"end":{"line":7,"column":73}},"4":{"start":{"line":7,"column":92},"end":{"line":7,"column":97}},"5":{"start":{"line":8,"column":20},"end":{"line":8,"column":65}}},"fnMap":{"0":{"name":"(anonymous_0)","decl":{"start":{"line":6,"column":10},"end":{"line":6,"column":11}},"loc":{"start":{"line":6,"column":18},"end":{"line":6,"column":57}},"line":6},"1":{"name":"(anonymous_1)","decl":{"start":{"line":7,"column":13},"end":{"line":7,"column":14}},"loc":{"start":{"line":7,"column":21},"end":{"line":7,"column":101}},"line":7},"2":{"name":"(anonymous_2)","decl":{"start":{"line":7,"column":36},"end":{"line":7,"column":37}},"loc":{"start":{"line":7,"column":44},"end":{"line":7,"column":73}},"line":7},"3":{"name":"(anonymous_3)","decl":{"start":{"line":7,"column":82},"end":{"line":7,"column":83}},"loc":{"start":{"line":7,"column":92},"end":{"line":7,"column":97}},"line":7},"4":{"name":"(anonymous_4)","decl":{"start":{"line":8,"column":12},"end":{"line":8,"column":13}},"loc":{"start":{"line":8,"column":20},"end":{"line":8,"column":65}},"line":8}},"branchMap":{"0":{"loc":{"start":{"line":7,"column":44},"end":{"line":7,"column":73}},"type":"cond-expr","locations":[{"start":{"line":7,"column":67},"end":{"line":7,"column":68}},{"start":{"line":7,"column":71},"end":{"line":7,"column":73}}],"line":7}},"s":{"0":1,"1":1,"2":1,"3":4,"4":4,"5":1},"f":{"0":1,"1":1,"2":4,"3":4,"4":1},"b":{"0":[3,1]},"_coverageSchema":"332fd63041d2c1bcb487cc26dd0d5f7d97098a6c","hash":"9e3961ca57c26ac52eb2cd45e32d6a694546e5aa"}
,"/workspaces/workspace-blog/vue-graphql-qa-clone/graphql-qa-clone-api/src/resolvers/Query.js": {"path":"/workspaces/workspace-blog/vue-graphql-qa-clone/graphql-qa-clone-api/src/resolvers/Query.js","statementMap":{"0":{"start":{"line":5,"column":18},"end":{"line":12,"column":1}},"1":{"start":{"line":6,"column":26},"end":{"line":6,"column":121}},"2":{"start":{"line":7,"column":25},"end":{"line":7,"column":62}},"3":{"start":{"line":8,"column":23},"end":{"line":8,"column":50}},"4":{"start":{"line":9,"column":22},"end":{"line":9,"column":94}},"5":{"start":{"line":10,"column":21},"end":{"line":10,"column":54}},"6":{"start":{"line":11,"column":19},"end":{"line":11,"column":42}}},"fnMap":{"0":{"name":"(anonymous_0)","decl":{"start":{"line":6,"column":13},"end":{"line":6,"column":14}},"loc":{"start":{"line":6,"column":26},"end":{"line":6,"column":121}},"line":6},"1":{"name":"(anonymous_1)","decl":{"start":{"line":7,"column":12},"end":{"line":7,"column":13}},"loc":{"start":{"line":7,"column":25},"end":{"line":7,"column":62}},"line":7},"2":{"name":"(anonymous_2)","decl":{"start":{"line":8,"column":17},"end":{"line":8,"column":18}},"loc":{"start":{"line":8,"column":23},"end":{"line":8,"column":50}},"line":8},"3":{"name":"(anonymous_3)","decl":{"start":{"line":9,"column":9},"end":{"line":9,"column":10}},"loc":{"start":{"line":9,"column":22},"end":{"line":9,"column":94}},"line":9},"4":{"name":"(anonymous_4)","decl":{"start":{"line":10,"column":8},"end":{"line":10,"column":9}},"loc":{"start":{"line":10,"column":21},"end":{"line":10,"column":54}},"line":10},"5":{"name":"(anonymous_5)","decl":{"start":{"line":11,"column":13},"end":{"line":11,"column":14}},"loc":{"start":{"line":11,"column":19},"end":{"line":11,"column":42}},"line":11}},"branchMap":{},"s":{"0":1,"1":1,"2":1,"3":1,"4":1,"5":1,"6":1},"f":{"0":1,"1":1,"2":1,"3":1,"4":1,"5":1},"b":{},"_coverageSchema":"332fd63041d2c1bcb487cc26dd0d5f7d97098a6c","hash":"35e4e807595ba68c2d7f77046c934eb9354d993b"}
,"/workspaces/workspace-blog/vue-graphql-qa-clone/graphql-qa-clone-api/src/resolvers/Question.js": {"path":"/workspaces/workspace-blog/vue-graphql-qa-clone/graphql-qa-clone-api/src/resolvers/Question.js","statementMap":{"0":{"start":{"line":4,"column":18},"end":{"line":7,"column":1}},"1":{"start":{"line":5,"column":25},"end":{"line":5,"column":71}},"2":{"start":{"line":6,"column":23},"end":{"line":6,"column":77}}},"fnMap":{"0":{"name":"(anonymous_0)","decl":{"start":{"line":5,"column":13},"end":{"line":5,"column":14}},"loc":{"start":{"line":5,"column":25},"end":{"line":5,"column":71}},"line":5},"1":{"name":"(anonymous_1)","decl":{"start":{"line":6,"column":11},"end":{"line":6,"column":12}},"loc":{"start":{"line":6,"column":23},"end":{"line":6,"column":77}},"line":6}},"branchMap":{},"s":{"0":1,"1":1,"2":1},"f":{"0":1,"1":1},"b":{},"_coverageSchema":"332fd63041d2c1bcb487cc26dd0d5f7d97098a6c","hash":"19ec59eca0d7ef9cc6732d4357bf15d238215106"}
,"/workspaces/workspace-blog/vue-graphql-qa-clone/graphql-qa-clone-api/src/resolvers/User.js": {"path":"/workspaces/workspace-blog/vue-graphql-qa-clone/graphql-qa-clone-api/src/resolvers/User.js","statementMap":{"0":{"start":{"line":4,"column":18},"end":{"line":7,"column":1}},"1":{"start":{"line":5,"column":25},"end":{"line":5,"column":121}},"2":{"start":{"line":6,"column":21},"end":{"line":6,"column":40}}},"fnMap":{"0":{"name":"(anonymous_0)","decl":{"start":{"line":5,"column":9},"end":{"line":5,"column":10}},"loc":{"start":{"line":5,"column":25},"end":{"line":5,"column":121}},"line":5},"1":{"name":"(anonymous_1)","decl":{"start":{"line":6,"column":13},"end":{"line":6,"column":14}},"loc":{"start":{"line":6,"column":21},"end":{"line":6,"column":40}},"line":6}},"branchMap":{},"s":{"0":1,"1":1,"2":1},"f":{"0":1,"1":1},"b":{},"_coverageSchema":"332fd63041d2c1bcb487cc26dd0d5f7d97098a6c","hash":"13d726e150b4406138d7cabd09685c1c8a4bede2"}
,"/workspaces/workspace-blog/vue-graphql-qa-clone/graphql-qa-clone-api/src/resolvers/Vote.js": {"path":"/workspaces/workspace-blog/vue-graphql-qa-clone/graphql-qa-clone-api/src/resolvers/Vote.js","statementMap":{"0":{"start":{"line":4,"column":18},"end":{"line":6,"column":1}},"1":{"start":{"line":5,"column":18},"end":{"line":5,"column":55}}},"fnMap":{"0":{"name":"(anonymous_0)","decl":{"start":{"line":5,"column":10},"end":{"line":5,"column":11}},"loc":{"start":{"line":5,"column":18},"end":{"line":5,"column":55}},"line":5}},"branchMap":{},"s":{"0":1,"1":1},"f":{"0":1},"b":{},"_coverageSchema":"332fd63041d2c1bcb487cc26dd0d5f7d97098a6c","hash":"b422cd06808dc5d53edfad4c6a3ea6b476bb5ebd"}
,"/workspaces/workspace-blog/vue-graphql-qa-clone/graphql-qa-clone-api/src/scalars/ISODate.js": {"path":"/workspaces/workspace-blog/vue-graphql-qa-clone/graphql-qa-clone-api/src/scalars/ISODate.js","statementMap":{"0":{"start":{"line":6,"column":2},"end":{"line":6,"column":60}},"1":{"start":{"line":10,"column":2},"end":{"line":10,"column":75}},"2":{"start":{"line":10,"column":29},"end":{"line":10,"column":67}},"3":{"start":{"line":14,"column":2},"end":{"line":14,"column":65}}},"fnMap":{"0":{"name":"serialize","decl":{"start":{"line":5,"column":9},"end":{"line":5,"column":18}},"loc":{"start":{"line":5,"column":26},"end":{"line":7,"column":1}},"line":5},"1":{"name":"parseValue","decl":{"start":{"line":9,"column":9},"end":{"line":9,"column":19}},"loc":{"start":{"line":9,"column":27},"end":{"line":11,"column":1}},"line":9},"2":{"name":"(anonymous_2)","decl":{"start":{"line":10,"column":23},"end":{"line":10,"column":24}},"loc":{"start":{"line":10,"column":29},"end":{"line":10,"column":67}},"line":10},"3":{"name":"parseLiteral","decl":{"start":{"line":13,"column":9},"end":{"line":13,"column":21}},"loc":{"start":{"line":13,"column":27},"end":{"line":15,"column":1}},"line":13}},"branchMap":{"0":{"loc":{"start":{"line":6,"column":9},"end":{"line":6,"column":59}},"type":"cond-expr","locations":[{"start":{"line":6,"column":33},"end":{"line":6,"column":52}},{"start":{"line":6,"column":55},"end":{"line":6,"column":59}}],"line":6},"1":{"loc":{"start":{"line":10,"column":29},"end":{"line":10,"column":67}},"type":"cond-expr","locations":[{"start":{"line":10,"column":45},"end":{"line":10,"column":49}},{"start":{"line":10,"column":52},"end":{"line":10,"column":67}}],"line":10},"2":{"loc":{"start":{"line":14,"column":9},"end":{"line":14,"column":64}},"type":"cond-expr","locations":[{"start":{"line":14,"column":36},"end":{"line":14,"column":57}},{"start":{"line":14,"column":60},"end":{"line":14,"column":64}}],"line":14}},"s":{"0":2,"1":4,"2":4,"3":3},"f":{"0":2,"1":4,"2":4,"3":3},"b":{"0":[1,1],"1":[2,2],"2":[2,1]},"_coverageSchema":"332fd63041d2c1bcb487cc26dd0d5f7d97098a6c","hash":"155bed690b2baa07763b165bb10bb322211cf8af"}
}
