TN:
SF:/workspaces/workspace-blog/vue-graphql-qa-clone/graphql-qa-clone-api/src/helpers/index.js
FN:1,(anonymous_0)
FN:1,(anonymous_1)
FN:2,(anonymous_2)
FN:8,(anonymous_3)
FNF:4
FNH:4
FNDA:14,(anonymous_0)
FNDA:14,(anonymous_1)
FNDA:14,(anonymous_2)
FNDA:6,(anonymous_3)
DA:1,14
DA:2,14
DA:3,14
DA:4,13
DA:8,8
DA:9,6
DA:10,6
DA:12,1
LF:8
LH:8
BRDA:3,0,0,1
BRDA:3,0,1,13
BRF:2
BRH:2
end_of_record
TN:
SF:/workspaces/workspace-blog/vue-graphql-qa-clone/graphql-qa-clone-api/src/models/Post.js
FNF:0
FNH:0
DA:3,3
DA:5,3
LF:2
LH:2
BRF:0
BRH:0
end_of_record
TN:
SF:/workspaces/workspace-blog/vue-graphql-qa-clone/graphql-qa-clone-api/src/models/Question.js
FNF:0
FNH:0
DA:3,3
DA:5,3
LF:2
LH:2
BRF:0
BRH:0
end_of_record
TN:
SF:/workspaces/workspace-blog/vue-graphql-qa-clone/graphql-qa-clone-api/src/models/User.js
FNF:0
FNH:0
DA:3,4
DA:5,4
LF:2
LH:2
BRF:0
BRH:0
end_of_record
TN:
SF:/workspaces/workspace-blog/vue-graphql-qa-clone/graphql-qa-clone-api/src/resolvers/Mutation.js
FN:6,(anonymous_0)
FN:6,(anonymous_1)
FN:7,(anonymous_2)
FN:13,(anonymous_3)
FN:13,(anonymous_4)
FN:14,(anonymous_5)
FN:20,(anonymous_6)
FN:20,(anonymous_7)
FN:21,(anonymous_8)
FN:29,(anonymous_9)
FN:36,(anonymous_10)
FN:38,(anonymous_11)
FN:43,(anonymous_12)
FN:45,(anonymous_13)
FN:45,(anonymous_14)
FN:46,(anonymous_15)
FNF:16
FNH:16
FNDA:2,(anonymous_0)
FNDA:2,(anonymous_1)
FNDA:2,(anonymous_2)
FNDA:3,(anonymous_3)
FNDA:3,(anonymous_4)
FNDA:3,(anonymous_5)
FNDA:3,(anonymous_6)
FNDA:3,(anonymous_7)
FNDA:3,(anonymous_8)
FNDA:2,(anonymous_9)
FNDA:1,(anonymous_10)
FNDA:1,(anonymous_11)
FNDA:1,(anonymous_12)
FNDA:2,(anonymous_13)
FNDA:2,(anonymous_14)
FNDA:2,(anonymous_15)
DA:6,2
DA:7,2
DA:8,2
DA:9,1
DA:13,3
DA:14,3
DA:15,3
DA:16,2
DA:20,3
DA:21,3
DA:22,3
DA:23,2
DA:28,1
DA:30,2
DA:31,2
DA:32,2
DA:36,1
DA:39,1
DA:40,1
DA:43,1
DA:45,2
DA:46,2
DA:47,2
DA:48,1
LF:24
LH:24
BRDA:8,0,0,1
BRDA:8,0,1,1
BRDA:15,1,0,1
BRDA:15,1,1,2
BRDA:22,2,0,1
BRDA:22,2,1,2
BRDA:47,3,0,1
BRDA:47,3,1,1
BRF:8
BRH:8
end_of_record
TN:
SF:/workspaces/workspace-blog/vue-graphql-qa-clone/graphql-qa-clone-api/src/resolvers/Post.js
FN:6,(anonymous_0)
FN:7,(anonymous_1)
FN:7,(anonymous_2)
FN:7,(anonymous_3)
FN:8,(anonymous_4)
FNF:5
FNH:5
FNDA:1,(anonymous_0)
FNDA:1,(anonymous_1)
FNDA:4,(anonymous_2)
FNDA:4,(anonymous_3)
FNDA:1,(anonymous_4)
DA:5,1
DA:6,1
DA:7,4
DA:8,1
LF:4
LH:4
BRDA:7,0,0,3
BRDA:7,0,1,1
BRF:2
BRH:2
end_of_record
TN:
SF:/workspaces/workspace-blog/vue-graphql-qa-clone/graphql-qa-clone-api/src/resolvers/Query.js
FN:6,(anonymous_0)
FN:7,(anonymous_1)
FN:8,(anonymous_2)
FN:9,(anonymous_3)
FN:10,(anonymous_4)
FN:11,(anonymous_5)
FNF:6
FNH:6
FNDA:1,(anonymous_0)
FNDA:1,(anonymous_1)
FNDA:1,(anonymous_2)
FNDA:1,(anonymous_3)
FNDA:1,(anonymous_4)
FNDA:1,(anonymous_5)
DA:5,1
DA:6,1
DA:7,1
DA:8,1
DA:9,1
DA:10,1
DA:11,1
LF:7
LH:7
BRF:0
BRH:0
end_of_record
TN:
SF:/workspaces/workspace-blog/vue-graphql-qa-clone/graphql-qa-clone-api/src/resolvers/Question.js
FN:5,(anonymous_0)
FN:6,(anonymous_1)
FNF:2
FNH:2
FNDA:1,(anonymous_0)
FNDA:1,(anonymous_1)
DA:4,1
DA:5,1
DA:6,1
LF:3
LH:3
BRF:0
BRH:0
end_of_record
TN:
SF:/workspaces/workspace-blog/vue-graphql-qa-clone/graphql-qa-clone-api/src/resolvers/User.js
FN:5,(anonymous_0)
FN:6,(anonymous_1)
FNF:2
FNH:2
FNDA:1,(anonymous_0)
FNDA:1,(anonymous_1)
DA:4,1
DA:5,1
DA:6,1
LF:3
LH:3
BRF:0
BRH:0
end_of_record
TN:
SF:/workspaces/workspace-blog/vue-graphql-qa-clone/graphql-qa-clone-api/src/resolvers/Vote.js
FN:5,(anonymous_0)
FNF:1
FNH:1
FNDA:1,(anonymous_0)
DA:4,1
DA:5,1
LF:2
LH:2
BRF:0
BRH:0
end_of_record
TN:
SF:/workspaces/workspace-blog/vue-graphql-qa-clone/graphql-qa-clone-api/src/scalars/ISODate.js
FN:5,serialize
FN:9,parseValue
FN:10,(anonymous_2)
FN:13,parseLiteral
FNF:4
FNH:4
FNDA:2,serialize
FNDA:4,parseValue
FNDA:4,(anonymous_2)
FNDA:3,parseLiteral
DA:6,2
DA:10,4
DA:14,3
LF:3
LH:3
BRDA:6,0,0,1
BRDA:6,0,1,1
BRDA:10,1,0,2
BRDA:10,1,1,2
BRDA:14,2,0,2
BRDA:14,2,1,1
BRF:6
BRH:6
end_of_record
